c:\users\dragon\documents\unreal engine projects\hexa\engine\x64\release\vc142.pdb
c:\users\dragon\documents\unreal engine projects\hexa\engine\x64\release\vulkanutilities.obj
c:\users\dragon\documents\unreal engine projects\hexa\engine\x64\release\vulkanswapchain.obj
c:\users\dragon\documents\unreal engine projects\hexa\engine\x64\release\vulkandevice.obj
c:\users\dragon\documents\unreal engine projects\hexa\engine\x64\release\vulkanbuffer.obj
c:\users\dragon\documents\unreal engine projects\hexa\engine\x64\release\vulkan.obj
c:\users\dragon\documents\unreal engine projects\hexa\engine\x64\release\version.obj
c:\users\dragon\documents\unreal engine projects\hexa\engine\x64\release\string.obj
c:\users\dragon\documents\unreal engine projects\hexa\engine\x64\release\regex.obj
c:\users\dragon\documents\unreal engine projects\hexa\engine\x64\release\path.obj
c:\users\dragon\documents\unreal engine projects\hexa\engine\x64\release\modinfo.obj
c:\users\dragon\documents\unreal engine projects\hexa\engine\x64\release\mod.obj
c:\users\dragon\documents\unreal engine projects\hexa\engine\x64\release\list.obj
c:\users\dragon\documents\unreal engine projects\hexa\engine\x64\release\gamewindow.obj
c:\users\dragon\documents\unreal engine projects\hexa\engine\x64\release\gameinfo.obj
c:\users\dragon\documents\unreal engine projects\hexa\engine\x64\release\game.obj
c:\users\dragon\documents\unreal engine projects\hexa\engine\x64\release\file.obj
c:\users\dragon\documents\unreal engine projects\hexa\engine\x64\release\dllmain.obj
c:\users\dragon\documents\unreal engine projects\hexa\engine\x64\release\engine.pch
c:\users\dragon\documents\unreal engine projects\hexa\engine\x64\release\pch.obj
c:\users\dragon\documents\unreal engine projects\hexa\build\x64_release\engine.lib
c:\users\dragon\documents\unreal engine projects\hexa\build\x64_release\engine.exp
c:\users\dragon\documents\unreal engine projects\hexa\build\x64_release\engine.ipdb
c:\users\dragon\documents\unreal engine projects\hexa\build\x64_release\engine.iobj
c:\users\dragon\documents\unreal engine projects\hexa\build\x64_release\engine.dll
c:\users\dragon\documents\unreal engine projects\hexa\build\x64_release\engine.pdb
c:\users\dragon\documents\unreal engine projects\hexa\engine\x64\release\engine.tlog\cl.command.1.tlog
c:\users\dragon\documents\unreal engine projects\hexa\engine\x64\release\engine.tlog\cl.read.1.tlog
c:\users\dragon\documents\unreal engine projects\hexa\engine\x64\release\engine.tlog\cl.write.1.tlog
c:\users\dragon\documents\unreal engine projects\hexa\engine\x64\release\engine.tlog\engine.write.1u.tlog
c:\users\dragon\documents\unreal engine projects\hexa\engine\x64\release\engine.tlog\link.command.1.tlog
c:\users\dragon\documents\unreal engine projects\hexa\engine\x64\release\engine.tlog\link.read.1.tlog
c:\users\dragon\documents\unreal engine projects\hexa\engine\x64\release\engine.tlog\link.write.1.tlog
