  pch.cpp
  DateTime.cpp
  File.cpp
  Game.cpp
  GameInfo.cpp
  GameWindow.cpp
  List.cpp
  LogStream.cpp
  Mod.cpp
  ModInfo.cpp
  Path.cpp
  Regex.cpp
  String.cpp
  TeeBuf.cpp
  Vulkan.cpp
  VulkanDevice.cpp
  VulkanSwapChain.cpp
  VulkanUtilities.cpp
  dllmain.cpp
     Creating library C:\Users\Dragon\Documents\Unreal Engine Projects\Hexa\Build\x64_Release\Engine.lib and object C:\Users\Dragon\Documents\Unreal Engine Projects\Hexa\Build\x64_Release\Engine.exp
  Generating code
  0 of 2487 functions ( 0.0%) were compiled, the rest were copied from previous compilation.
    0 functions were new in current compilation
    0 functions had inline decision re-evaluated but remain unchanged
  Finished generating code
  Engine.vcxproj -> C:\Users\Dragon\Documents\Unreal Engine Projects\Hexa\Build\x64_Release\Engine.dll
