c:\users\dragon\documents\unreal engine projects\hexa\examplemod\x64\debug\examplemod.pch
c:\users\dragon\documents\unreal engine projects\hexa\examplemod\x64\debug\vc142.pdb
c:\users\dragon\documents\unreal engine projects\hexa\examplemod\x64\debug\vc142.idb
c:\users\dragon\documents\unreal engine projects\hexa\examplemod\x64\debug\pch.obj
c:\users\dragon\documents\unreal engine projects\hexa\examplemod\x64\debug\examplemod.obj
c:\users\dragon\documents\unreal engine projects\hexa\examplemod\x64\debug\dllmain.obj
c:\users\dragon\documents\unreal engine projects\hexa\build\x64_debug\mods\examplemod\examplemod.lib
c:\users\dragon\documents\unreal engine projects\hexa\build\x64_debug\mods\examplemod\examplemod.exp
c:\users\dragon\documents\unreal engine projects\hexa\build\x64_debug\mods\examplemod\examplemod.dll
c:\users\dragon\documents\unreal engine projects\hexa\build\x64_debug\mods\examplemod\examplemod.ilk
c:\users\dragon\documents\unreal engine projects\hexa\build\x64_debug\mods\examplemod\examplemod.pdb
c:\users\dragon\documents\unreal engine projects\hexa\examplemod\x64\debug\examplemod.tlog\cl.command.1.tlog
c:\users\dragon\documents\unreal engine projects\hexa\examplemod\x64\debug\examplemod.tlog\cl.read.1.tlog
c:\users\dragon\documents\unreal engine projects\hexa\examplemod\x64\debug\examplemod.tlog\cl.write.1.tlog
c:\users\dragon\documents\unreal engine projects\hexa\examplemod\x64\debug\examplemod.tlog\examplemod.write.1u.tlog
c:\users\dragon\documents\unreal engine projects\hexa\examplemod\x64\debug\examplemod.tlog\link.1084.delete.1.tlog
c:\users\dragon\documents\unreal engine projects\hexa\examplemod\x64\debug\examplemod.tlog\link.14440.delete.1.tlog
c:\users\dragon\documents\unreal engine projects\hexa\examplemod\x64\debug\examplemod.tlog\link.1512.delete.1.tlog
c:\users\dragon\documents\unreal engine projects\hexa\examplemod\x64\debug\examplemod.tlog\link.23088.delete.1.tlog
c:\users\dragon\documents\unreal engine projects\hexa\examplemod\x64\debug\examplemod.tlog\link.30152.delete.1.tlog
c:\users\dragon\documents\unreal engine projects\hexa\examplemod\x64\debug\examplemod.tlog\link.32360.delete.1.tlog
c:\users\dragon\documents\unreal engine projects\hexa\examplemod\x64\debug\examplemod.tlog\link.33060.delete.1.tlog
c:\users\dragon\documents\unreal engine projects\hexa\examplemod\x64\debug\examplemod.tlog\link.command.1.tlog
c:\users\dragon\documents\unreal engine projects\hexa\examplemod\x64\debug\examplemod.tlog\link.delete.1.tlog
c:\users\dragon\documents\unreal engine projects\hexa\examplemod\x64\debug\examplemod.tlog\link.read.1.tlog
c:\users\dragon\documents\unreal engine projects\hexa\examplemod\x64\debug\examplemod.tlog\link.write.1.tlog
