c:\users\dragon\documents\unreal engine projects\hexa\engine\x64\debug\vc142.pdb
c:\users\dragon\documents\unreal engine projects\hexa\engine\x64\debug\vc142.idb
c:\users\dragon\documents\unreal engine projects\hexa\engine\x64\debug\vulkandevice.obj
c:\users\dragon\documents\unreal engine projects\hexa\engine\x64\debug\vulkanbuffer.obj
c:\users\dragon\documents\unreal engine projects\hexa\engine\x64\debug\vulkan.obj
c:\users\dragon\documents\unreal engine projects\hexa\engine\x64\debug\version.obj
c:\users\dragon\documents\unreal engine projects\hexa\engine\x64\debug\teebuf.obj
c:\users\dragon\documents\unreal engine projects\hexa\engine\x64\debug\string.obj
c:\users\dragon\documents\unreal engine projects\hexa\engine\x64\debug\set.obj
c:\users\dragon\documents\unreal engine projects\hexa\engine\x64\debug\regex.obj
c:\users\dragon\documents\unreal engine projects\hexa\engine\x64\debug\path.obj
c:\users\dragon\documents\unreal engine projects\hexa\engine\x64\debug\modinfo.obj
c:\users\dragon\documents\unreal engine projects\hexa\engine\x64\debug\mod.obj
c:\users\dragon\documents\unreal engine projects\hexa\engine\x64\debug\logstream.obj
c:\users\dragon\documents\unreal engine projects\hexa\engine\x64\debug\list.obj
c:\users\dragon\documents\unreal engine projects\hexa\engine\x64\debug\gamewindow.obj
c:\users\dragon\documents\unreal engine projects\hexa\engine\x64\debug\gameinfo.obj
c:\users\dragon\documents\unreal engine projects\hexa\engine\x64\debug\game.obj
c:\users\dragon\documents\unreal engine projects\hexa\engine\x64\debug\file.obj
c:\users\dragon\documents\unreal engine projects\hexa\engine\x64\debug\dllmain.obj
c:\users\dragon\documents\unreal engine projects\hexa\engine\x64\debug\datetime.obj
c:\users\dragon\documents\unreal engine projects\hexa\engine\x64\debug\array.obj
c:\users\dragon\documents\unreal engine projects\hexa\engine\x64\debug\vulkanutilities.obj
c:\users\dragon\documents\unreal engine projects\hexa\engine\x64\debug\vulkanswapchain.obj
c:\users\dragon\documents\unreal engine projects\hexa\engine\x64\debug\engine.pch
c:\users\dragon\documents\unreal engine projects\hexa\engine\x64\debug\pch.obj
c:\users\dragon\documents\unreal engine projects\hexa\build\x64_debug\engine.lib
c:\users\dragon\documents\unreal engine projects\hexa\build\x64_debug\engine.exp
c:\users\dragon\documents\unreal engine projects\hexa\build\x64_debug\engine.dll
c:\users\dragon\documents\unreal engine projects\hexa\build\x64_debug\engine.ilk
c:\users\dragon\documents\unreal engine projects\hexa\build\x64_debug\engine.pdb
c:\users\dragon\documents\unreal engine projects\hexa\engine\x64\debug\engine.tlog\cl.command.1.tlog
c:\users\dragon\documents\unreal engine projects\hexa\engine\x64\debug\engine.tlog\cl.read.1.tlog
c:\users\dragon\documents\unreal engine projects\hexa\engine\x64\debug\engine.tlog\cl.write.1.tlog
c:\users\dragon\documents\unreal engine projects\hexa\engine\x64\debug\engine.tlog\engine.write.1u.tlog
c:\users\dragon\documents\unreal engine projects\hexa\engine\x64\debug\engine.tlog\link.command.1.tlog
c:\users\dragon\documents\unreal engine projects\hexa\engine\x64\debug\engine.tlog\link.read.1.tlog
c:\users\dragon\documents\unreal engine projects\hexa\engine\x64\debug\engine.tlog\link.write.1.tlog
